{"C:\\Users\\facundo.lastra\\Desktop\\StarWarsMobile\\app\\App.tsx": {"path":"C:\\Users\\facundo.lastra\\Desktop\\StarWarsMobile\\app\\App.tsx","statementMap":{"0":{"start":{"line":13,"column":20},"end":{"line":13,"column":37}},"1":{"start":{"line":15,"column":14},"end":{"line":15,"column":42}},"2":{"start":{"line":17,"column":12},"end":{"line":36,"column":1}},"3":{"start":{"line":18,"column":2},"end":{"line":35,"column":4}},"4":{"start":{"line":38,"column":15},"end":{"line":42,"column":2}}},"fnMap":{"0":{"name":"(anonymous_0)","decl":{"start":{"line":17,"column":12},"end":{"line":17,"column":13}},"loc":{"start":{"line":17,"column":18},"end":{"line":36,"column":1}},"line":17}},"branchMap":{},"s":{"0":1,"1":1,"2":1,"3":1,"4":1},"f":{"0":1},"b":{},"_coverageSchema":"1a1c01bbd47fc00a2c39e90264f33305004495a9","hash":"24aaac1e2ffdfbee1817e95516ef7f7f7fdc6302"}
,"C:\\Users\\facundo.lastra\\Desktop\\StarWarsMobile\\app\\components\\character-item.tsx": {"path":"C:\\Users\\facundo.lastra\\Desktop\\StarWarsMobile\\app\\components\\character-item.tsx","statementMap":{"0":{"start":{"line":7,"column":22},"end":{"line":36,"column":2}},"1":{"start":{"line":11,"column":28},"end":{"line":11,"column":33}},"2":{"start":{"line":12,"column":21},"end":{"line":12,"column":36}},"3":{"start":{"line":13,"column":2},"end":{"line":35,"column":4}},"4":{"start":{"line":15,"column":21},"end":{"line":15,"column":78}}},"fnMap":{"0":{"name":"(anonymous_0)","decl":{"start":{"line":10,"column":3},"end":{"line":10,"column":4}},"loc":{"start":{"line":10,"column":12},"end":{"line":36,"column":1}},"line":10},"1":{"name":"(anonymous_1)","decl":{"start":{"line":15,"column":15},"end":{"line":15,"column":16}},"loc":{"start":{"line":15,"column":21},"end":{"line":15,"column":78}},"line":15}},"branchMap":{},"s":{"0":3,"1":1,"2":1,"3":1,"4":0},"f":{"0":1,"1":0},"b":{},"_coverageSchema":"1a1c01bbd47fc00a2c39e90264f33305004495a9","hash":"c0e319d9436fa618c8a871ce0f98a2cc631b243d"}
,"C:\\Users\\facundo.lastra\\Desktop\\StarWarsMobile\\app\\components\\logo-title.tsx": {"path":"C:\\Users\\facundo.lastra\\Desktop\\StarWarsMobile\\app\\components\\logo-title.tsx","statementMap":{"0":{"start":{"line":4,"column":25},"end":{"line":15,"column":1}},"1":{"start":{"line":5,"column":2},"end":{"line":14,"column":4}},"2":{"start":{"line":17,"column":15},"end":{"line":29,"column":2}}},"fnMap":{"0":{"name":"(anonymous_0)","decl":{"start":{"line":4,"column":25},"end":{"line":4,"column":26}},"loc":{"start":{"line":4,"column":42},"end":{"line":15,"column":1}},"line":4}},"branchMap":{},"s":{"0":2,"1":1,"2":2},"f":{"0":1},"b":{},"_coverageSchema":"1a1c01bbd47fc00a2c39e90264f33305004495a9","hash":"ec402a3b69b2591fe8b9ecd1a5c8ee934bbfb816"}
,"C:\\Users\\facundo.lastra\\Desktop\\StarWarsMobile\\app\\constants\\default.tsx": {"path":"C:\\Users\\facundo.lastra\\Desktop\\StarWarsMobile\\app\\constants\\default.tsx","statementMap":{"0":{"start":{"line":1,"column":23},"end":{"line":1,"column":46}}},"fnMap":{},"branchMap":{},"s":{"0":1},"f":{},"b":{},"_coverageSchema":"1a1c01bbd47fc00a2c39e90264f33305004495a9","hash":"6fb5e59235a39662e321646f0c94f4c0e0f6ef34"}
,"C:\\Users\\facundo.lastra\\Desktop\\StarWarsMobile\\app\\helpers\\useFetchCharacters.tsx": {"path":"C:\\Users\\facundo.lastra\\Desktop\\StarWarsMobile\\app\\helpers\\useFetchCharacters.tsx","statementMap":{"0":{"start":{"line":4,"column":34},"end":{"line":11,"column":1}},"1":{"start":{"line":6,"column":4},"end":{"line":8,"column":6}},"2":{"start":{"line":7,"column":36},"end":{"line":7,"column":49}},"3":{"start":{"line":10,"column":2},"end":{"line":10,"column":71}}},"fnMap":{"0":{"name":"(anonymous_0)","decl":{"start":{"line":4,"column":34},"end":{"line":4,"column":35}},"loc":{"start":{"line":4,"column":40},"end":{"line":11,"column":1}},"line":4},"1":{"name":"(anonymous_1)","decl":{"start":{"line":7,"column":24},"end":{"line":7,"column":25}},"loc":{"start":{"line":7,"column":36},"end":{"line":7,"column":49}},"line":7}},"branchMap":{},"s":{"0":1,"1":0,"2":0,"3":0},"f":{"0":0,"1":0},"b":{},"_coverageSchema":"1a1c01bbd47fc00a2c39e90264f33305004495a9","hash":"b80d4d5a5f188ec7dd2f21b40937a02132002c2d"}
,"C:\\Users\\facundo.lastra\\Desktop\\StarWarsMobile\\app\\helpers\\useFetchFromUrlArray.tsx": {"path":"C:\\Users\\facundo.lastra\\Desktop\\StarWarsMobile\\app\\helpers\\useFetchFromUrlArray.tsx","statementMap":{"0":{"start":{"line":4,"column":36},"end":{"line":13,"column":1}},"1":{"start":{"line":5,"column":2},"end":{"line":12,"column":4}},"2":{"start":{"line":7,"column":6},"end":{"line":10,"column":8}},"3":{"start":{"line":9,"column":23},"end":{"line":9,"column":43}}},"fnMap":{"0":{"name":"(anonymous_0)","decl":{"start":{"line":4,"column":36},"end":{"line":4,"column":37}},"loc":{"start":{"line":4,"column":74},"end":{"line":13,"column":1}},"line":4},"1":{"name":"(anonymous_1)","decl":{"start":{"line":6,"column":17},"end":{"line":6,"column":18}},"loc":{"start":{"line":6,"column":28},"end":{"line":11,"column":5}},"line":6},"2":{"name":"(anonymous_2)","decl":{"start":{"line":9,"column":17},"end":{"line":9,"column":18}},"loc":{"start":{"line":9,"column":23},"end":{"line":9,"column":43}},"line":9}},"branchMap":{},"s":{"0":1,"1":0,"2":0,"3":0},"f":{"0":0,"1":0,"2":0},"b":{},"_coverageSchema":"1a1c01bbd47fc00a2c39e90264f33305004495a9","hash":"204a6b903a91899ef35ed5b31f930bbc8455ea16"}
,"C:\\Users\\facundo.lastra\\Desktop\\StarWarsMobile\\app\\navigator\\starwars-stack-screens.tsx": {"path":"C:\\Users\\facundo.lastra\\Desktop\\StarWarsMobile\\app\\navigator\\starwars-stack-screens.tsx","statementMap":{"0":{"start":{"line":9,"column":14},"end":{"line":9,"column":42}},"1":{"start":{"line":11,"column":29},"end":{"line":35,"column":1}},"2":{"start":{"line":12,"column":2},"end":{"line":34,"column":4}},"3":{"start":{"line":21,"column":32},"end":{"line":21,"column":56}},"4":{"start":{"line":29,"column":32},"end":{"line":29,"column":56}}},"fnMap":{"0":{"name":"(anonymous_0)","decl":{"start":{"line":11,"column":29},"end":{"line":11,"column":30}},"loc":{"start":{"line":11,"column":35},"end":{"line":35,"column":1}},"line":11},"1":{"name":"(anonymous_1)","decl":{"start":{"line":21,"column":23},"end":{"line":21,"column":24}},"loc":{"start":{"line":21,"column":32},"end":{"line":21,"column":56}},"line":21},"2":{"name":"(anonymous_2)","decl":{"start":{"line":29,"column":23},"end":{"line":29,"column":24}},"loc":{"start":{"line":29,"column":32},"end":{"line":29,"column":56}},"line":29}},"branchMap":{},"s":{"0":1,"1":1,"2":0,"3":0,"4":0},"f":{"0":0,"1":0,"2":0},"b":{},"_coverageSchema":"1a1c01bbd47fc00a2c39e90264f33305004495a9","hash":"26dcc2196dacf7c70ffb8f44f0847faec88d4069"}
,"C:\\Users\\facundo.lastra\\Desktop\\StarWarsMobile\\app\\screens\\character-detail.tsx": {"path":"C:\\Users\\facundo.lastra\\Desktop\\StarWarsMobile\\app\\screens\\character-detail.tsx","statementMap":{"0":{"start":{"line":7,"column":24},"end":{"line":66,"column":1}},"1":{"start":{"line":8,"column":32},"end":{"line":8,"column":54}},"2":{"start":{"line":10,"column":2},"end":{"line":16,"column":9}},"3":{"start":{"line":11,"column":24},"end":{"line":14,"column":5}},"4":{"start":{"line":13,"column":12},"end":{"line":13,"column":16}},"5":{"start":{"line":15,"column":4},"end":{"line":15,"column":38}},"6":{"start":{"line":15,"column":17},"end":{"line":15,"column":37}},"7":{"start":{"line":18,"column":23},"end":{"line":18,"column":69}},"8":{"start":{"line":20,"column":26},"end":{"line":20,"column":79}},"9":{"start":{"line":22,"column":27},"end":{"line":25,"column":3}},"10":{"start":{"line":27,"column":2},"end":{"line":65,"column":4}},"11":{"start":{"line":41,"column":27},"end":{"line":41,"column":63}},"12":{"start":{"line":43,"column":14},"end":{"line":43,"column":75}},"13":{"start":{"line":49,"column":27},"end":{"line":49,"column":69}},"14":{"start":{"line":51,"column":14},"end":{"line":51,"column":74}},"15":{"start":{"line":57,"column":27},"end":{"line":57,"column":73}},"16":{"start":{"line":59,"column":14},"end":{"line":59,"column":74}},"17":{"start":{"line":68,"column":15},"end":{"line":78,"column":2}}},"fnMap":{"0":{"name":"(anonymous_0)","decl":{"start":{"line":7,"column":24},"end":{"line":7,"column":25}},"loc":{"start":{"line":7,"column":51},"end":{"line":66,"column":1}},"line":7},"1":{"name":"(anonymous_1)","decl":{"start":{"line":10,"column":12},"end":{"line":10,"column":13}},"loc":{"start":{"line":10,"column":18},"end":{"line":16,"column":3}},"line":10},"2":{"name":"(anonymous_2)","decl":{"start":{"line":13,"column":6},"end":{"line":13,"column":7}},"loc":{"start":{"line":13,"column":12},"end":{"line":13,"column":16}},"line":13},"3":{"name":"(anonymous_3)","decl":{"start":{"line":15,"column":11},"end":{"line":15,"column":12}},"loc":{"start":{"line":15,"column":17},"end":{"line":15,"column":37}},"line":15},"4":{"name":"(anonymous_4)","decl":{"start":{"line":41,"column":18},"end":{"line":41,"column":19}},"loc":{"start":{"line":41,"column":27},"end":{"line":41,"column":63}},"line":41},"5":{"name":"(anonymous_5)","decl":{"start":{"line":42,"column":30},"end":{"line":42,"column":31}},"loc":{"start":{"line":42,"column":45},"end":{"line":44,"column":13}},"line":42},"6":{"name":"(anonymous_6)","decl":{"start":{"line":49,"column":18},"end":{"line":49,"column":19}},"loc":{"start":{"line":49,"column":27},"end":{"line":49,"column":69}},"line":49},"7":{"name":"(anonymous_7)","decl":{"start":{"line":50,"column":33},"end":{"line":50,"column":34}},"loc":{"start":{"line":50,"column":48},"end":{"line":52,"column":13}},"line":50},"8":{"name":"(anonymous_8)","decl":{"start":{"line":57,"column":18},"end":{"line":57,"column":19}},"loc":{"start":{"line":57,"column":27},"end":{"line":57,"column":73}},"line":57},"9":{"name":"(anonymous_9)","decl":{"start":{"line":58,"column":34},"end":{"line":58,"column":35}},"loc":{"start":{"line":58,"column":49},"end":{"line":60,"column":13}},"line":58}},"branchMap":{},"s":{"0":2,"1":1,"2":1,"3":1,"4":0,"5":1,"6":1,"7":1,"8":1,"9":1,"10":1,"11":1,"12":0,"13":1,"14":0,"15":1,"16":0,"17":2},"f":{"0":1,"1":1,"2":0,"3":1,"4":1,"5":0,"6":1,"7":0,"8":1,"9":0},"b":{},"_coverageSchema":"1a1c01bbd47fc00a2c39e90264f33305004495a9","hash":"109fcdbaf8433de742dbb4a01025bf3a7458c105"}
,"C:\\Users\\facundo.lastra\\Desktop\\StarWarsMobile\\app\\screens\\character-list.tsx": {"path":"C:\\Users\\facundo.lastra\\Desktop\\StarWarsMobile\\app\\screens\\character-list.tsx","statementMap":{"0":{"start":{"line":9,"column":22},"end":{"line":74,"column":1}},"1":{"start":{"line":11,"column":4},"end":{"line":11,"column":24}},"2":{"start":{"line":13,"column":40},"end":{"line":13,"column":52}},"3":{"start":{"line":15,"column":24},"end":{"line":17,"column":3}},"4":{"start":{"line":16,"column":4},"end":{"line":16,"column":59}},"5":{"start":{"line":16,"column":38},"end":{"line":16,"column":50}},"6":{"start":{"line":19,"column":19},"end":{"line":23,"column":3}},"7":{"start":{"line":20,"column":4},"end":{"line":22,"column":5}},"8":{"start":{"line":21,"column":6},"end":{"line":21,"column":22}},"9":{"start":{"line":25,"column":32},"end":{"line":31,"column":3}},"10":{"start":{"line":28,"column":4},"end":{"line":30,"column":6}},"11":{"start":{"line":29,"column":6},"end":{"line":29,"column":42}},"12":{"start":{"line":33,"column":24},"end":{"line":41,"column":3}},"13":{"start":{"line":34,"column":4},"end":{"line":40,"column":6}},"14":{"start":{"line":43,"column":2},"end":{"line":73,"column":4}},"15":{"start":{"line":56,"column":34},"end":{"line":56,"column":42}},"16":{"start":{"line":58,"column":14},"end":{"line":58,"column":69}},"17":{"start":{"line":76,"column":15},"end":{"line":84,"column":2}}},"fnMap":{"0":{"name":"(anonymous_0)","decl":{"start":{"line":9,"column":22},"end":{"line":9,"column":23}},"loc":{"start":{"line":9,"column":28},"end":{"line":74,"column":1}},"line":9},"1":{"name":"(anonymous_1)","decl":{"start":{"line":15,"column":24},"end":{"line":15,"column":25}},"loc":{"start":{"line":15,"column":75},"end":{"line":17,"column":3}},"line":15},"2":{"name":"(anonymous_2)","decl":{"start":{"line":16,"column":30},"end":{"line":16,"column":31}},"loc":{"start":{"line":16,"column":38},"end":{"line":16,"column":50}},"line":16},"3":{"name":"(anonymous_3)","decl":{"start":{"line":19,"column":19},"end":{"line":19,"column":20}},"loc":{"start":{"line":19,"column":25},"end":{"line":23,"column":3}},"line":19},"4":{"name":"(anonymous_4)","decl":{"start":{"line":25,"column":32},"end":{"line":25,"column":33}},"loc":{"start":{"line":27,"column":7},"end":{"line":31,"column":3}},"line":27},"5":{"name":"(anonymous_5)","decl":{"start":{"line":28,"column":42},"end":{"line":28,"column":43}},"loc":{"start":{"line":29,"column":6},"end":{"line":29,"column":42}},"line":29},"6":{"name":"(anonymous_6)","decl":{"start":{"line":33,"column":24},"end":{"line":33,"column":25}},"loc":{"start":{"line":33,"column":30},"end":{"line":41,"column":3}},"line":33},"7":{"name":"(anonymous_7)","decl":{"start":{"line":56,"column":26},"end":{"line":56,"column":27}},"loc":{"start":{"line":56,"column":34},"end":{"line":56,"column":42}},"line":56},"8":{"name":"(anonymous_8)","decl":{"start":{"line":57,"column":24},"end":{"line":57,"column":25}},"loc":{"start":{"line":57,"column":43},"end":{"line":59,"column":13}},"line":57}},"branchMap":{"0":{"loc":{"start":{"line":20,"column":4},"end":{"line":22,"column":5}},"type":"if","locations":[{"start":{"line":20,"column":4},"end":{"line":22,"column":5}},{"start":{},"end":{}}],"line":20},"1":{"loc":{"start":{"line":45,"column":7},"end":{"line":64,"column":7}},"type":"binary-expr","locations":[{"start":{"line":45,"column":7},"end":{"line":45,"column":13}},{"start":{"line":45,"column":17},"end":{"line":45,"column":21}},{"start":{"line":46,"column":8},"end":{"line":63,"column":11}}],"line":45},"2":{"loc":{"start":{"line":54,"column":14},"end":{"line":54,"column":77}},"type":"cond-expr","locations":[{"start":{"line":54,"column":28},"end":{"line":54,"column":55}},{"start":{"line":54,"column":58},"end":{"line":54,"column":77}}],"line":54},"3":{"loc":{"start":{"line":61,"column":33},"end":{"line":61,"column":74}},"type":"cond-expr","locations":[{"start":{"line":61,"column":54},"end":{"line":61,"column":67}},{"start":{"line":61,"column":70},"end":{"line":61,"column":74}}],"line":61},"4":{"loc":{"start":{"line":65,"column":7},"end":{"line":71,"column":7}},"type":"binary-expr","locations":[{"start":{"line":65,"column":7},"end":{"line":65,"column":12}},{"start":{"line":66,"column":8},"end":{"line":70,"column":11}}],"line":65}},"s":{"0":2,"1":1,"2":1,"3":1,"4":0,"5":0,"6":1,"7":0,"8":0,"9":1,"10":0,"11":0,"12":1,"13":0,"14":1,"15":0,"16":0,"17":2},"f":{"0":1,"1":0,"2":0,"3":0,"4":0,"5":0,"6":0,"7":0,"8":0},"b":{"0":[0,0],"1":[1,1,0],"2":[0,0],"3":[0,0],"4":[1,0]},"_coverageSchema":"1a1c01bbd47fc00a2c39e90264f33305004495a9","hash":"97577f86c63b7144413fc0d76527c2823b1c1906"}
,"C:\\Users\\facundo.lastra\\Desktop\\StarWarsMobile\\app\\services\\apiCallsService.tsx": {"path":"C:\\Users\\facundo.lastra\\Desktop\\StarWarsMobile\\app\\services\\apiCallsService.tsx","statementMap":{"0":{"start":{"line":3,"column":27},"end":{"line":7,"column":1}},"1":{"start":{"line":4,"column":2},"end":{"line":6,"column":39}},"2":{"start":{"line":6,"column":22},"end":{"line":6,"column":37}},"3":{"start":{"line":9,"column":34},"end":{"line":13,"column":1}},"4":{"start":{"line":12,"column":2},"end":{"line":12,"column":32}}},"fnMap":{"0":{"name":"(anonymous_0)","decl":{"start":{"line":3,"column":27},"end":{"line":3,"column":28}},"loc":{"start":{"line":3,"column":44},"end":{"line":7,"column":1}},"line":3},"1":{"name":"(anonymous_1)","decl":{"start":{"line":6,"column":10},"end":{"line":6,"column":11}},"loc":{"start":{"line":6,"column":22},"end":{"line":6,"column":37}},"line":6},"2":{"name":"(anonymous_2)","decl":{"start":{"line":9,"column":34},"end":{"line":9,"column":35}},"loc":{"start":{"line":11,"column":6},"end":{"line":13,"column":1}},"line":11}},"branchMap":{"0":{"loc":{"start":{"line":10,"column":2},"end":{"line":10,"column":40}},"type":"default-arg","locations":[{"start":{"line":10,"column":14},"end":{"line":10,"column":40}}],"line":10}},"s":{"0":1,"1":0,"2":0,"3":1,"4":0},"f":{"0":0,"1":0,"2":0},"b":{"0":[0]},"_coverageSchema":"1a1c01bbd47fc00a2c39e90264f33305004495a9","hash":"e7d58bbe79c84fd52e9ff154de2fed22f53b7109"}
}
