TN:
SF:app\App.tsx
FN:17,(anonymous_0)
FNF:1
FNH:1
FNDA:1,(anonymous_0)
DA:13,1
DA:15,1
DA:17,1
DA:18,1
DA:38,1
LF:5
LH:5
BRF:0
BRH:0
end_of_record
TN:
SF:app\components\character-item.tsx
FN:10,(anonymous_0)
FN:15,(anonymous_1)
FNF:2
FNH:1
FNDA:8,(anonymous_0)
FNDA:0,(anonymous_1)
DA:7,4
DA:11,8
DA:12,8
DA:13,8
DA:15,0
LF:5
LH:4
BRF:0
BRH:0
end_of_record
TN:
SF:app\components\logo-title.tsx
FN:4,(anonymous_0)
FNF:1
FNH:1
FNDA:2,(anonymous_0)
DA:4,3
DA:5,2
DA:17,3
LF:3
LH:3
BRF:0
BRH:0
end_of_record
TN:
SF:app\constants\default.tsx
FNF:0
FNH:0
DA:1,4
LF:1
LH:1
BRF:0
BRH:0
end_of_record
TN:
SF:app\helpers\useFetchCharacters.tsx
FN:4,(anonymous_0)
FN:7,(anonymous_1)
FNF:2
FNH:1
FNDA:1,(anonymous_0)
FNDA:0,(anonymous_1)
DA:4,2
DA:6,1
DA:7,0
DA:10,1
LF:4
LH:3
BRF:0
BRH:0
end_of_record
TN:
SF:app\helpers\useFetchFromUrlArray.tsx
FN:4,(anonymous_0)
FN:9,(anonymous_1)
FN:12,(anonymous_2)
FNF:3
FNH:2
FNDA:1,(anonymous_0)
FNDA:1,(anonymous_1)
FNDA:0,(anonymous_2)
DA:4,2
DA:8,1
DA:10,1
DA:12,0
LF:4
LH:3
BRF:0
BRH:0
end_of_record
TN:
SF:app\navigator\starwars-stack-screens.tsx
FN:11,(anonymous_0)
FN:21,(anonymous_1)
FN:28,(anonymous_2)
FNF:3
FNH:2
FNDA:1,(anonymous_0)
FNDA:1,(anonymous_1)
FNDA:0,(anonymous_2)
DA:9,2
DA:11,2
DA:12,1
DA:21,1
DA:28,0
LF:5
LH:4
BRF:0
BRH:0
end_of_record
TN:
SF:app\screens\character-detail.tsx
FN:7,(anonymous_0)
FN:10,(anonymous_1)
FN:13,(anonymous_2)
FN:15,(anonymous_3)
FN:42,(anonymous_4)
FN:43,(anonymous_5)
FN:50,(anonymous_6)
FN:51,(anonymous_7)
FN:58,(anonymous_8)
FN:59,(anonymous_9)
FNF:10
FNH:9
FNDA:2,(anonymous_0)
FNDA:2,(anonymous_1)
FNDA:0,(anonymous_2)
FNDA:2,(anonymous_3)
FNDA:3,(anonymous_4)
FNDA:1,(anonymous_5)
FNDA:2,(anonymous_6)
FNDA:1,(anonymous_7)
FNDA:2,(anonymous_8)
FNDA:1,(anonymous_9)
DA:7,3
DA:8,2
DA:10,2
DA:11,2
DA:13,0
DA:15,2
DA:18,2
DA:20,2
DA:22,2
DA:27,2
DA:42,3
DA:44,1
DA:50,2
DA:52,1
DA:58,2
DA:60,1
DA:69,3
LF:17
LH:16
BRF:0
BRH:0
end_of_record
TN:
SF:app\screens\character-list.tsx
FN:9,(anonymous_0)
FN:15,(anonymous_1)
FN:16,(anonymous_2)
FN:19,(anonymous_3)
FN:25,(anonymous_4)
FN:28,(anonymous_5)
FN:33,(anonymous_6)
FN:57,(anonymous_7)
FN:58,(anonymous_8)
FNF:9
FNH:8
FNDA:7,(anonymous_0)
FNDA:4,(anonymous_1)
FNDA:8,(anonymous_2)
FNDA:0,(anonymous_3)
FNDA:1,(anonymous_4)
FNDA:2,(anonymous_5)
FNDA:1,(anonymous_6)
FNDA:7,(anonymous_7)
FNDA:7,(anonymous_8)
DA:9,3
DA:11,7
DA:13,7
DA:15,7
DA:16,8
DA:19,7
DA:20,0
DA:21,0
DA:25,7
DA:28,1
DA:29,2
DA:33,7
DA:34,1
DA:44,7
DA:57,7
DA:59,7
DA:77,3
LF:17
LH:15
BRDA:20,0,0,0
BRDA:20,0,1,0
BRDA:46,1,0,7
BRDA:46,1,1,6
BRDA:46,1,2,4
BRDA:55,2,0,1
BRDA:55,2,1,3
BRDA:62,3,0,1
BRDA:62,3,1,3
BRDA:66,4,0,7
BRDA:66,4,1,1
BRF:11
BRH:9
end_of_record
TN:
SF:app\services\apiCallsService.tsx
FN:3,(anonymous_0)
FN:6,(anonymous_1)
FN:9,(anonymous_2)
FNF:3
FNH:3
FNDA:2,(anonymous_0)
FNDA:2,(anonymous_1)
FNDA:1,(anonymous_2)
DA:3,4
DA:4,2
DA:6,2
DA:9,4
DA:12,1
LF:5
LH:5
BRDA:10,0,0,1
BRF:1
BRH:1
end_of_record
